CRITICAL - 2024-03-08 11:55:28 --> Undefined variable $plants
in APPPATH\Views\dashboard\tables.php on line 167.
 1 APPPATH\Views\dashboard\tables.php(167): CodeIgniter\Debug\Exceptions->errorHandler(2, 'Undefined variable $plants', 'C:\\Users\\Acer\\laragon\\www\\capstone\\ci4\\app\\Views\\dashboard\\tables.php', 167)
 2 SYSTEMPATH\View\View.php(226): include('C:\\Users\\Acer\\laragon\\www\\capstone\\ci4\\app\\Views\\dashboard\\tables.php')
 3 SYSTEMPATH\View\View.php(229): CodeIgniter\View\View->CodeIgniter\View\{closure}()
 4 SYSTEMPATH\Common.php(1188): CodeIgniter\View\View->render('dashboard/tables', [], true)
 5 APPPATH\Controllers\AdminController.php(22): view('dashboard/tables')
 6 SYSTEMPATH\CodeIgniter.php(919): App\Controllers\AdminController->tables()
 7 SYSTEMPATH\CodeIgniter.php(494): CodeIgniter\CodeIgniter->runController(Object(App\Controllers\AdminController))
 8 SYSTEMPATH\CodeIgniter.php(353): CodeIgniter\CodeIgniter->handleRequest(null, Object(Config\Cache), false)
 9 FCPATH\index.php(79): CodeIgniter\CodeIgniter->run()
10 SYSTEMPATH\Commands\Server\rewrite.php(47): require_once('C:\\Users\\Acer\\laragon\\www\\capstone\\ci4\\public\\index.php')
CRITICAL - 2024-03-08 11:58:56 --> Undefined array key "PlantNmae"
in APPPATH\Views\dashboard\tables.php on line 171.
 1 APPPATH\Views\dashboard\tables.php(171): CodeIgniter\Debug\Exceptions->errorHandler(2, 'Undefined array key "PlantNmae"', 'C:\\Users\\Acer\\laragon\\www\\capstone\\ci4\\app\\Views\\dashboard\\tables.php', 171)
 2 SYSTEMPATH\View\View.php(226): include('C:\\Users\\Acer\\laragon\\www\\capstone\\ci4\\app\\Views\\dashboard\\tables.php')
 3 SYSTEMPATH\View\View.php(229): CodeIgniter\View\View->CodeIgniter\View\{closure}()
 4 SYSTEMPATH\Common.php(1188): CodeIgniter\View\View->render('dashboard/tables', [], true)
 5 APPPATH\Controllers\AdminController.php(22): view('dashboard/tables', [...])
 6 SYSTEMPATH\CodeIgniter.php(919): App\Controllers\AdminController->tables()
 7 SYSTEMPATH\CodeIgniter.php(494): CodeIgniter\CodeIgniter->runController(Object(App\Controllers\AdminController))
 8 SYSTEMPATH\CodeIgniter.php(353): CodeIgniter\CodeIgniter->handleRequest(null, Object(Config\Cache), false)
 9 FCPATH\index.php(79): CodeIgniter\CodeIgniter->run()
10 SYSTEMPATH\Commands\Server\rewrite.php(47): require_once('C:\\Users\\Acer\\laragon\\www\\capstone\\ci4\\public\\index.php')
CRITICAL - 2024-03-08 12:05:01 --> Undefined variable $plantDetails
in APPPATH\Views\dashboard\tables.php on line 236.
 1 APPPATH\Views\dashboard\tables.php(236): CodeIgniter\Debug\Exceptions->errorHandler(2, 'Undefined variable $plantDetails', 'C:\\Users\\Acer\\laragon\\www\\capstone\\ci4\\app\\Views\\dashboard\\tables.php', 236)
 2 SYSTEMPATH\View\View.php(226): include('C:\\Users\\Acer\\laragon\\www\\capstone\\ci4\\app\\Views\\dashboard\\tables.php')
 3 SYSTEMPATH\View\View.php(229): CodeIgniter\View\View->CodeIgniter\View\{closure}()
 4 SYSTEMPATH\Common.php(1188): CodeIgniter\View\View->render('dashboard/tables', [], true)
 5 APPPATH\Controllers\AdminController.php(22): view('dashboard/tables', [...])
 6 SYSTEMPATH\CodeIgniter.php(919): App\Controllers\AdminController->tables()
 7 SYSTEMPATH\CodeIgniter.php(494): CodeIgniter\CodeIgniter->runController(Object(App\Controllers\AdminController))
 8 SYSTEMPATH\CodeIgniter.php(353): CodeIgniter\CodeIgniter->handleRequest(null, Object(Config\Cache), false)
 9 FCPATH\index.php(79): CodeIgniter\CodeIgniter->run()
10 SYSTEMPATH\Commands\Server\rewrite.php(47): require_once('C:\\Users\\Acer\\laragon\\www\\capstone\\ci4\\public\\index.php')
CRITICAL - 2024-03-08 13:14:47 --> Undefined array key "province_name"
in APPPATH\Views\dashboard\dash.php on line 193.
 1 APPPATH\Views\dashboard\dash.php(193): CodeIgniter\Debug\Exceptions->errorHandler(2, 'Undefined array key "province_name"', 'C:\\Users\\Acer\\laragon\\www\\capstone\\ci4\\app\\Views\\dashboard\\dash.php', 193)
 2 SYSTEMPATH\View\View.php(226): include('C:\\Users\\Acer\\laragon\\www\\capstone\\ci4\\app\\Views\\dashboard\\dash.php')
 3 SYSTEMPATH\View\View.php(229): CodeIgniter\View\View->CodeIgniter\View\{closure}()
 4 SYSTEMPATH\Common.php(1188): CodeIgniter\View\View->render('dashboard/dash', [], true)
 5 APPPATH\Controllers\AdminController.php(15): view('dashboard/dash', [...])
 6 SYSTEMPATH\CodeIgniter.php(919): App\Controllers\AdminController->dash()
 7 SYSTEMPATH\CodeIgniter.php(494): CodeIgniter\CodeIgniter->runController(Object(App\Controllers\AdminController))
 8 SYSTEMPATH\CodeIgniter.php(353): CodeIgniter\CodeIgniter->handleRequest(null, Object(Config\Cache), false)
 9 FCPATH\index.php(79): CodeIgniter\CodeIgniter->run()
10 SYSTEMPATH\Commands\Server\rewrite.php(47): require_once('C:\\Users\\Acer\\laragon\\www\\capstone\\ci4\\public\\index.php')
CRITICAL - 2024-03-08 13:16:51 --> Undefined array key "map_url"
in APPPATH\Views\dashboard\dash.php on line 196.
 1 APPPATH\Views\dashboard\dash.php(196): CodeIgniter\Debug\Exceptions->errorHandler(2, 'Undefined array key "map_url"', 'C:\\Users\\Acer\\laragon\\www\\capstone\\ci4\\app\\Views\\dashboard\\dash.php', 196)
 2 SYSTEMPATH\View\View.php(226): include('C:\\Users\\Acer\\laragon\\www\\capstone\\ci4\\app\\Views\\dashboard\\dash.php')
 3 SYSTEMPATH\View\View.php(229): CodeIgniter\View\View->CodeIgniter\View\{closure}()
 4 SYSTEMPATH\Common.php(1188): CodeIgniter\View\View->render('dashboard/dash', [], true)
 5 APPPATH\Controllers\AdminController.php(15): view('dashboard/dash', [...])
 6 SYSTEMPATH\CodeIgniter.php(919): App\Controllers\AdminController->dash()
 7 SYSTEMPATH\CodeIgniter.php(494): CodeIgniter\CodeIgniter->runController(Object(App\Controllers\AdminController))
 8 SYSTEMPATH\CodeIgniter.php(353): CodeIgniter\CodeIgniter->handleRequest(null, Object(Config\Cache), false)
 9 FCPATH\index.php(79): CodeIgniter\CodeIgniter->run()
10 SYSTEMPATH\Commands\Server\rewrite.php(47): require_once('C:\\Users\\Acer\\laragon\\www\\capstone\\ci4\\public\\index.php')
CRITICAL - 2024-03-08 13:18:44 --> Undefined variable $province
in APPPATH\Views\dashboard\dash.php on line 184.
 1 APPPATH\Views\dashboard\dash.php(184): CodeIgniter\Debug\Exceptions->errorHandler(2, 'Undefined variable $province', 'C:\\Users\\Acer\\laragon\\www\\capstone\\ci4\\app\\Views\\dashboard\\dash.php', 184)
 2 SYSTEMPATH\View\View.php(226): include('C:\\Users\\Acer\\laragon\\www\\capstone\\ci4\\app\\Views\\dashboard\\dash.php')
 3 SYSTEMPATH\View\View.php(229): CodeIgniter\View\View->CodeIgniter\View\{closure}()
 4 SYSTEMPATH\Common.php(1188): CodeIgniter\View\View->render('dashboard/dash', [], true)
 5 APPPATH\Controllers\AdminController.php(15): view('dashboard/dash', [...])
 6 SYSTEMPATH\CodeIgniter.php(919): App\Controllers\AdminController->dash()
 7 SYSTEMPATH\CodeIgniter.php(494): CodeIgniter\CodeIgniter->runController(Object(App\Controllers\AdminController))
 8 SYSTEMPATH\CodeIgniter.php(353): CodeIgniter\CodeIgniter->handleRequest(null, Object(Config\Cache), false)
 9 FCPATH\index.php(79): CodeIgniter\CodeIgniter->run()
10 SYSTEMPATH\Commands\Server\rewrite.php(47): require_once('C:\\Users\\Acer\\laragon\\www\\capstone\\ci4\\public\\index.php')
CRITICAL - 2024-03-08 14:35:11 --> Undefined variable $monitors
in APPPATH\Views\dashboard\sensors.php on line 141.
 1 APPPATH\Views\dashboard\sensors.php(141): CodeIgniter\Debug\Exceptions->errorHandler(2, 'Undefined variable $monitors', 'C:\\Users\\Acer\\laragon\\www\\capstone\\ci4\\app\\Views\\dashboard\\sensors.php', 141)
 2 SYSTEMPATH\View\View.php(226): include('C:\\Users\\Acer\\laragon\\www\\capstone\\ci4\\app\\Views\\dashboard\\sensors.php')
 3 SYSTEMPATH\View\View.php(229): CodeIgniter\View\View->CodeIgniter\View\{closure}()
 4 SYSTEMPATH\Common.php(1188): CodeIgniter\View\View->render('dashboard/sensors', [], true)
 5 APPPATH\Controllers\AdminController.php(37): view('dashboard/sensors')
 6 SYSTEMPATH\CodeIgniter.php(919): App\Controllers\AdminController->sensors()
 7 SYSTEMPATH\CodeIgniter.php(494): CodeIgniter\CodeIgniter->runController(Object(App\Controllers\AdminController))
 8 SYSTEMPATH\CodeIgniter.php(353): CodeIgniter\CodeIgniter->handleRequest(null, Object(Config\Cache), false)
 9 FCPATH\index.php(79): CodeIgniter\CodeIgniter->run()
10 SYSTEMPATH\Commands\Server\rewrite.php(47): require_once('C:\\Users\\Acer\\laragon\\www\\capstone\\ci4\\public\\index.php')
CRITICAL - 2024-03-08 14:36:09 --> Undefined variable $sensors
in APPPATH\Views\dashboard\sensors.php on line 141.
 1 APPPATH\Views\dashboard\sensors.php(141): CodeIgniter\Debug\Exceptions->errorHandler(2, 'Undefined variable $sensors', 'C:\\Users\\Acer\\laragon\\www\\capstone\\ci4\\app\\Views\\dashboard\\sensors.php', 141)
 2 SYSTEMPATH\View\View.php(226): include('C:\\Users\\Acer\\laragon\\www\\capstone\\ci4\\app\\Views\\dashboard\\sensors.php')
 3 SYSTEMPATH\View\View.php(229): CodeIgniter\View\View->CodeIgniter\View\{closure}()
 4 SYSTEMPATH\Common.php(1188): CodeIgniter\View\View->render('dashboard/sensors', [], true)
 5 APPPATH\Controllers\AdminController.php(37): view('dashboard/sensors')
 6 SYSTEMPATH\CodeIgniter.php(919): App\Controllers\AdminController->sensors()
 7 SYSTEMPATH\CodeIgniter.php(494): CodeIgniter\CodeIgniter->runController(Object(App\Controllers\AdminController))
 8 SYSTEMPATH\CodeIgniter.php(353): CodeIgniter\CodeIgniter->handleRequest(null, Object(Config\Cache), false)
 9 FCPATH\index.php(79): CodeIgniter\CodeIgniter->run()
10 SYSTEMPATH\Commands\Server\rewrite.php(47): require_once('C:\\Users\\Acer\\laragon\\www\\capstone\\ci4\\public\\index.php')
CRITICAL - 2024-03-08 14:36:44 --> Undefined variable $sensors
in APPPATH\Views\dashboard\sensors.php on line 141.
 1 APPPATH\Views\dashboard\sensors.php(141): CodeIgniter\Debug\Exceptions->errorHandler(2, 'Undefined variable $sensors', 'C:\\Users\\Acer\\laragon\\www\\capstone\\ci4\\app\\Views\\dashboard\\sensors.php', 141)
 2 SYSTEMPATH\View\View.php(226): include('C:\\Users\\Acer\\laragon\\www\\capstone\\ci4\\app\\Views\\dashboard\\sensors.php')
 3 SYSTEMPATH\View\View.php(229): CodeIgniter\View\View->CodeIgniter\View\{closure}()
 4 SYSTEMPATH\Common.php(1188): CodeIgniter\View\View->render('dashboard/sensors', [], true)
 5 APPPATH\Controllers\AdminController.php(38): view('dashboard/sensors')
 6 SYSTEMPATH\CodeIgniter.php(919): App\Controllers\AdminController->sensors()
 7 SYSTEMPATH\CodeIgniter.php(494): CodeIgniter\CodeIgniter->runController(Object(App\Controllers\AdminController))
 8 SYSTEMPATH\CodeIgniter.php(353): CodeIgniter\CodeIgniter->handleRequest(null, Object(Config\Cache), false)
 9 FCPATH\index.php(79): CodeIgniter\CodeIgniter->run()
10 SYSTEMPATH\Commands\Server\rewrite.php(47): require_once('C:\\Users\\Acer\\laragon\\www\\capstone\\ci4\\public\\index.php')
CRITICAL - 2024-03-08 14:36:46 --> Undefined variable $sensors
in APPPATH\Views\dashboard\sensors.php on line 141.
 1 APPPATH\Views\dashboard\sensors.php(141): CodeIgniter\Debug\Exceptions->errorHandler(2, 'Undefined variable $sensors', 'C:\\Users\\Acer\\laragon\\www\\capstone\\ci4\\app\\Views\\dashboard\\sensors.php', 141)
 2 SYSTEMPATH\View\View.php(226): include('C:\\Users\\Acer\\laragon\\www\\capstone\\ci4\\app\\Views\\dashboard\\sensors.php')
 3 SYSTEMPATH\View\View.php(229): CodeIgniter\View\View->CodeIgniter\View\{closure}()
 4 SYSTEMPATH\Common.php(1188): CodeIgniter\View\View->render('dashboard/sensors', [], true)
 5 APPPATH\Controllers\AdminController.php(38): view('dashboard/sensors')
 6 SYSTEMPATH\CodeIgniter.php(919): App\Controllers\AdminController->sensors()
 7 SYSTEMPATH\CodeIgniter.php(494): CodeIgniter\CodeIgniter->runController(Object(App\Controllers\AdminController))
 8 SYSTEMPATH\CodeIgniter.php(353): CodeIgniter\CodeIgniter->handleRequest(null, Object(Config\Cache), false)
 9 FCPATH\index.php(79): CodeIgniter\CodeIgniter->run()
10 SYSTEMPATH\Commands\Server\rewrite.php(47): require_once('C:\\Users\\Acer\\laragon\\www\\capstone\\ci4\\public\\index.php')
CRITICAL - 2024-03-08 14:39:46 --> Undefined variable $sensorr
in APPPATH\Views\dashboard\sensors.php on line 141.
 1 APPPATH\Views\dashboard\sensors.php(141): CodeIgniter\Debug\Exceptions->errorHandler(2, 'Undefined variable $sensorr', 'C:\\Users\\Acer\\laragon\\www\\capstone\\ci4\\app\\Views\\dashboard\\sensors.php', 141)
 2 SYSTEMPATH\View\View.php(226): include('C:\\Users\\Acer\\laragon\\www\\capstone\\ci4\\app\\Views\\dashboard\\sensors.php')
 3 SYSTEMPATH\View\View.php(229): CodeIgniter\View\View->CodeIgniter\View\{closure}()
 4 SYSTEMPATH\Common.php(1188): CodeIgniter\View\View->render('dashboard/sensors', [], true)
 5 APPPATH\Controllers\AdminController.php(38): view('dashboard/sensors')
 6 SYSTEMPATH\CodeIgniter.php(919): App\Controllers\AdminController->sensors()
 7 SYSTEMPATH\CodeIgniter.php(494): CodeIgniter\CodeIgniter->runController(Object(App\Controllers\AdminController))
 8 SYSTEMPATH\CodeIgniter.php(353): CodeIgniter\CodeIgniter->handleRequest(null, Object(Config\Cache), false)
 9 FCPATH\index.php(79): CodeIgniter\CodeIgniter->run()
10 SYSTEMPATH\Commands\Server\rewrite.php(47): require_once('C:\\Users\\Acer\\laragon\\www\\capstone\\ci4\\public\\index.php')
CRITICAL - 2024-03-08 14:39:48 --> Undefined variable $sensorr
in APPPATH\Views\dashboard\sensors.php on line 141.
 1 APPPATH\Views\dashboard\sensors.php(141): CodeIgniter\Debug\Exceptions->errorHandler(2, 'Undefined variable $sensorr', 'C:\\Users\\Acer\\laragon\\www\\capstone\\ci4\\app\\Views\\dashboard\\sensors.php', 141)
 2 SYSTEMPATH\View\View.php(226): include('C:\\Users\\Acer\\laragon\\www\\capstone\\ci4\\app\\Views\\dashboard\\sensors.php')
 3 SYSTEMPATH\View\View.php(229): CodeIgniter\View\View->CodeIgniter\View\{closure}()
 4 SYSTEMPATH\Common.php(1188): CodeIgniter\View\View->render('dashboard/sensors', [], true)
 5 APPPATH\Controllers\AdminController.php(38): view('dashboard/sensors')
 6 SYSTEMPATH\CodeIgniter.php(919): App\Controllers\AdminController->sensors()
 7 SYSTEMPATH\CodeIgniter.php(494): CodeIgniter\CodeIgniter->runController(Object(App\Controllers\AdminController))
 8 SYSTEMPATH\CodeIgniter.php(353): CodeIgniter\CodeIgniter->handleRequest(null, Object(Config\Cache), false)
 9 FCPATH\index.php(79): CodeIgniter\CodeIgniter->run()
10 SYSTEMPATH\Commands\Server\rewrite.php(47): require_once('C:\\Users\\Acer\\laragon\\www\\capstone\\ci4\\public\\index.php')
CRITICAL - 2024-03-08 14:41:30 --> Undefined variable $sensorModel
in APPPATH\Controllers\AdminController.php on line 37.
 1 APPPATH\Controllers\AdminController.php(37): CodeIgniter\Debug\Exceptions->errorHandler(2, 'Undefined variable $sensorModel', 'C:\\Users\\Acer\\laragon\\www\\capstone\\ci4\\app\\Controllers\\AdminController.php', 37)
 2 SYSTEMPATH\CodeIgniter.php(919): App\Controllers\AdminController->sensors()
 3 SYSTEMPATH\CodeIgniter.php(494): CodeIgniter\CodeIgniter->runController(Object(App\Controllers\AdminController))
 4 SYSTEMPATH\CodeIgniter.php(353): CodeIgniter\CodeIgniter->handleRequest(null, Object(Config\Cache), false)
 5 FCPATH\index.php(79): CodeIgniter\CodeIgniter->run()
 6 SYSTEMPATH\Commands\Server\rewrite.php(47): require_once('C:\\Users\\Acer\\laragon\\www\\capstone\\ci4\\public\\index.php')
CRITICAL - 2024-03-08 14:41:31 --> Undefined variable $sensorModel
in APPPATH\Controllers\AdminController.php on line 37.
 1 APPPATH\Controllers\AdminController.php(37): CodeIgniter\Debug\Exceptions->errorHandler(2, 'Undefined variable $sensorModel', 'C:\\Users\\Acer\\laragon\\www\\capstone\\ci4\\app\\Controllers\\AdminController.php', 37)
 2 SYSTEMPATH\CodeIgniter.php(919): App\Controllers\AdminController->sensors()
 3 SYSTEMPATH\CodeIgniter.php(494): CodeIgniter\CodeIgniter->runController(Object(App\Controllers\AdminController))
 4 SYSTEMPATH\CodeIgniter.php(353): CodeIgniter\CodeIgniter->handleRequest(null, Object(Config\Cache), false)
 5 FCPATH\index.php(79): CodeIgniter\CodeIgniter->run()
 6 SYSTEMPATH\Commands\Server\rewrite.php(47): require_once('C:\\Users\\Acer\\laragon\\www\\capstone\\ci4\\public\\index.php')
CRITICAL - 2024-03-08 14:41:32 --> Undefined variable $sensorModel
in APPPATH\Controllers\AdminController.php on line 37.
 1 APPPATH\Controllers\AdminController.php(37): CodeIgniter\Debug\Exceptions->errorHandler(2, 'Undefined variable $sensorModel', 'C:\\Users\\Acer\\laragon\\www\\capstone\\ci4\\app\\Controllers\\AdminController.php', 37)
 2 SYSTEMPATH\CodeIgniter.php(919): App\Controllers\AdminController->sensors()
 3 SYSTEMPATH\CodeIgniter.php(494): CodeIgniter\CodeIgniter->runController(Object(App\Controllers\AdminController))
 4 SYSTEMPATH\CodeIgniter.php(353): CodeIgniter\CodeIgniter->handleRequest(null, Object(Config\Cache), false)
 5 FCPATH\index.php(79): CodeIgniter\CodeIgniter->run()
 6 SYSTEMPATH\Commands\Server\rewrite.php(47): require_once('C:\\Users\\Acer\\laragon\\www\\capstone\\ci4\\public\\index.php')
CRITICAL - 2024-03-08 14:41:32 --> Undefined variable $sensorModel
in APPPATH\Controllers\AdminController.php on line 37.
 1 APPPATH\Controllers\AdminController.php(37): CodeIgniter\Debug\Exceptions->errorHandler(2, 'Undefined variable $sensorModel', 'C:\\Users\\Acer\\laragon\\www\\capstone\\ci4\\app\\Controllers\\AdminController.php', 37)
 2 SYSTEMPATH\CodeIgniter.php(919): App\Controllers\AdminController->sensors()
 3 SYSTEMPATH\CodeIgniter.php(494): CodeIgniter\CodeIgniter->runController(Object(App\Controllers\AdminController))
 4 SYSTEMPATH\CodeIgniter.php(353): CodeIgniter\CodeIgniter->handleRequest(null, Object(Config\Cache), false)
 5 FCPATH\index.php(79): CodeIgniter\CodeIgniter->run()
 6 SYSTEMPATH\Commands\Server\rewrite.php(47): require_once('C:\\Users\\Acer\\laragon\\www\\capstone\\ci4\\public\\index.php')
CRITICAL - 2024-03-08 14:41:32 --> Undefined variable $sensorModel
in APPPATH\Controllers\AdminController.php on line 37.
 1 APPPATH\Controllers\AdminController.php(37): CodeIgniter\Debug\Exceptions->errorHandler(2, 'Undefined variable $sensorModel', 'C:\\Users\\Acer\\laragon\\www\\capstone\\ci4\\app\\Controllers\\AdminController.php', 37)
 2 SYSTEMPATH\CodeIgniter.php(919): App\Controllers\AdminController->sensors()
 3 SYSTEMPATH\CodeIgniter.php(494): CodeIgniter\CodeIgniter->runController(Object(App\Controllers\AdminController))
 4 SYSTEMPATH\CodeIgniter.php(353): CodeIgniter\CodeIgniter->handleRequest(null, Object(Config\Cache), false)
 5 FCPATH\index.php(79): CodeIgniter\CodeIgniter->run()
 6 SYSTEMPATH\Commands\Server\rewrite.php(47): require_once('C:\\Users\\Acer\\laragon\\www\\capstone\\ci4\\public\\index.php')
CRITICAL - 2024-03-08 14:41:51 --> Undefined variable $SensorModel
in APPPATH\Controllers\AdminController.php on line 37.
 1 APPPATH\Controllers\AdminController.php(37): CodeIgniter\Debug\Exceptions->errorHandler(2, 'Undefined variable $SensorModel', 'C:\\Users\\Acer\\laragon\\www\\capstone\\ci4\\app\\Controllers\\AdminController.php', 37)
 2 SYSTEMPATH\CodeIgniter.php(919): App\Controllers\AdminController->sensors()
 3 SYSTEMPATH\CodeIgniter.php(494): CodeIgniter\CodeIgniter->runController(Object(App\Controllers\AdminController))
 4 SYSTEMPATH\CodeIgniter.php(353): CodeIgniter\CodeIgniter->handleRequest(null, Object(Config\Cache), false)
 5 FCPATH\index.php(79): CodeIgniter\CodeIgniter->run()
 6 SYSTEMPATH\Commands\Server\rewrite.php(47): require_once('C:\\Users\\Acer\\laragon\\www\\capstone\\ci4\\public\\index.php')
