CRITICAL - 2024-03-12 15:07:31 --> Undefined array key "id "
in APPPATH\Views\dashboard\tables.php on line 175.
 1 APPPATH\Views\dashboard\tables.php(175): CodeIgniter\Debug\Exceptions->errorHandler(2, 'Undefined array key "id "', 'C:\\Users\\Acer\\laragon\\www\\capstone\\ci4\\app\\Views\\dashboard\\tables.php', 175)
 2 SYSTEMPATH\View\View.php(226): include('C:\\Users\\Acer\\laragon\\www\\capstone\\ci4\\app\\Views\\dashboard\\tables.php')
 3 SYSTEMPATH\View\View.php(229): CodeIgniter\View\View->CodeIgniter\View\{closure}()
 4 SYSTEMPATH\Common.php(1188): CodeIgniter\View\View->render('dashboard/tables', [], true)
 5 APPPATH\Controllers\AdminController.php(27): view('dashboard/tables', [...])
 6 SYSTEMPATH\CodeIgniter.php(919): App\Controllers\AdminController->tables()
 7 SYSTEMPATH\CodeIgniter.php(494): CodeIgniter\CodeIgniter->runController(Object(App\Controllers\AdminController))
 8 SYSTEMPATH\CodeIgniter.php(353): CodeIgniter\CodeIgniter->handleRequest(null, Object(Config\Cache), false)
 9 FCPATH\index.php(79): CodeIgniter\CodeIgniter->run()
10 SYSTEMPATH\Commands\Server\rewrite.php(47): require_once('C:\\Users\\Acer\\laragon\\www\\capstone\\ci4\\public\\index.php')
CRITICAL - 2024-03-12 15:08:41 --> Undefined array key "id "
in APPPATH\Views\dashboard\tables.php on line 176.
 1 APPPATH\Views\dashboard\tables.php(176): CodeIgniter\Debug\Exceptions->errorHandler(2, 'Undefined array key "id "', 'C:\\Users\\Acer\\laragon\\www\\capstone\\ci4\\app\\Views\\dashboard\\tables.php', 176)
 2 SYSTEMPATH\View\View.php(226): include('C:\\Users\\Acer\\laragon\\www\\capstone\\ci4\\app\\Views\\dashboard\\tables.php')
 3 SYSTEMPATH\View\View.php(229): CodeIgniter\View\View->CodeIgniter\View\{closure}()
 4 SYSTEMPATH\Common.php(1188): CodeIgniter\View\View->render('dashboard/tables', [], true)
 5 APPPATH\Controllers\AdminController.php(27): view('dashboard/tables', [...])
 6 SYSTEMPATH\CodeIgniter.php(919): App\Controllers\AdminController->tables()
 7 SYSTEMPATH\CodeIgniter.php(494): CodeIgniter\CodeIgniter->runController(Object(App\Controllers\AdminController))
 8 SYSTEMPATH\CodeIgniter.php(353): CodeIgniter\CodeIgniter->handleRequest(null, Object(Config\Cache), false)
 9 FCPATH\index.php(79): CodeIgniter\CodeIgniter->run()
10 SYSTEMPATH\Commands\Server\rewrite.php(47): require_once('C:\\Users\\Acer\\laragon\\www\\capstone\\ci4\\public\\index.php')
CRITICAL - 2024-03-12 15:18:01 --> syntax error, unexpected token "}", expecting ";"
in APPPATH\Controllers\PlantController.php on line 39.
 1 SYSTEMPATH\Autoloader\Autoloader.php(285): CodeIgniter\Autoloader\Autoloader->includeFile('C:\\Users\\Acer\\laragon\\www\\capstone\\ci4\\app\\Controllers\\PlantController.php')
 2 SYSTEMPATH\Autoloader\Autoloader.php(263): CodeIgniter\Autoloader\Autoloader->loadInNamespace('App\\Controllers\\PlantController')
 3 [internal function]: CodeIgniter\Autoloader\Autoloader->loadClass('App\\Controllers\\PlantController')
 4 SYSTEMPATH\CodeIgniter.php(877): class_exists('\\App\\Controllers\\PlantController', true)
 5 SYSTEMPATH\CodeIgniter.php(481): CodeIgniter\CodeIgniter->startController()
 6 SYSTEMPATH\CodeIgniter.php(353): CodeIgniter\CodeIgniter->handleRequest(null, Object(Config\Cache), false)
 7 FCPATH\index.php(79): CodeIgniter\CodeIgniter->run()
 8 SYSTEMPATH\Commands\Server\rewrite.php(47): require_once('C:\\Users\\Acer\\laragon\\www\\capstone\\ci4\\public\\index.php')
CRITICAL - 2024-03-12 15:26:40 --> syntax error, unexpected token "return"
in APPPATH\Controllers\PlantController.php on line 27.
 1 SYSTEMPATH\Autoloader\Autoloader.php(285): CodeIgniter\Autoloader\Autoloader->includeFile('C:\\Users\\Acer\\laragon\\www\\capstone\\ci4\\app\\Controllers\\PlantController.php')
 2 SYSTEMPATH\Autoloader\Autoloader.php(263): CodeIgniter\Autoloader\Autoloader->loadInNamespace('App\\Controllers\\PlantController')
 3 [internal function]: CodeIgniter\Autoloader\Autoloader->loadClass('App\\Controllers\\PlantController')
 4 SYSTEMPATH\CodeIgniter.php(877): class_exists('\\App\\Controllers\\PlantController', true)
 5 SYSTEMPATH\CodeIgniter.php(481): CodeIgniter\CodeIgniter->startController()
 6 SYSTEMPATH\CodeIgniter.php(353): CodeIgniter\CodeIgniter->handleRequest(null, Object(Config\Cache), false)
 7 FCPATH\index.php(79): CodeIgniter\CodeIgniter->run()
 8 SYSTEMPATH\Commands\Server\rewrite.php(47): require_once('C:\\Users\\Acer\\laragon\\www\\capstone\\ci4\\public\\index.php')
CRITICAL - 2024-03-12 15:26:41 --> syntax error, unexpected token "return"
in APPPATH\Controllers\PlantController.php on line 27.
 1 SYSTEMPATH\Autoloader\Autoloader.php(285): CodeIgniter\Autoloader\Autoloader->includeFile('C:\\Users\\Acer\\laragon\\www\\capstone\\ci4\\app\\Controllers\\PlantController.php')
 2 SYSTEMPATH\Autoloader\Autoloader.php(263): CodeIgniter\Autoloader\Autoloader->loadInNamespace('App\\Controllers\\PlantController')
 3 [internal function]: CodeIgniter\Autoloader\Autoloader->loadClass('App\\Controllers\\PlantController')
 4 SYSTEMPATH\CodeIgniter.php(877): class_exists('\\App\\Controllers\\PlantController', true)
 5 SYSTEMPATH\CodeIgniter.php(481): CodeIgniter\CodeIgniter->startController()
 6 SYSTEMPATH\CodeIgniter.php(353): CodeIgniter\CodeIgniter->handleRequest(null, Object(Config\Cache), false)
 7 FCPATH\index.php(79): CodeIgniter\CodeIgniter->run()
 8 SYSTEMPATH\Commands\Server\rewrite.php(47): require_once('C:\\Users\\Acer\\laragon\\www\\capstone\\ci4\\public\\index.php')
CRITICAL - 2024-03-12 15:26:41 --> syntax error, unexpected token "return"
in APPPATH\Controllers\PlantController.php on line 27.
 1 SYSTEMPATH\Autoloader\Autoloader.php(285): CodeIgniter\Autoloader\Autoloader->includeFile('C:\\Users\\Acer\\laragon\\www\\capstone\\ci4\\app\\Controllers\\PlantController.php')
 2 SYSTEMPATH\Autoloader\Autoloader.php(263): CodeIgniter\Autoloader\Autoloader->loadInNamespace('App\\Controllers\\PlantController')
 3 [internal function]: CodeIgniter\Autoloader\Autoloader->loadClass('App\\Controllers\\PlantController')
 4 SYSTEMPATH\CodeIgniter.php(877): class_exists('\\App\\Controllers\\PlantController', true)
 5 SYSTEMPATH\CodeIgniter.php(481): CodeIgniter\CodeIgniter->startController()
 6 SYSTEMPATH\CodeIgniter.php(353): CodeIgniter\CodeIgniter->handleRequest(null, Object(Config\Cache), false)
 7 FCPATH\index.php(79): CodeIgniter\CodeIgniter->run()
 8 SYSTEMPATH\Commands\Server\rewrite.php(47): require_once('C:\\Users\\Acer\\laragon\\www\\capstone\\ci4\\public\\index.php')
